<?xml version="1.0" encoding="UTF-8"?>
<!-- Generated by org.testng.reporters.JUnitReportReporter -->
<testsuite hostname="DESKTOP-UP2ED2J" failures="0" tests="2" name="TestScripts.NewTest" time="12.440" errors="0" timestamp="2021-11-23T14:49:59 COT" skipped="0">
  <testcase classname="TestScripts.NewTest" name="verificarTitulo" time="7.301"/>
  <system-out/>
  <testcase classname="TestScripts.NewTest" name="buscarProducto" time="5.139"/>
  <system-out/>
</testsuite> <!-- TestScripts.NewTest -->
